nohup: ignoring input
正在导入患者数据...
成功导入 2379 名患者。
正在导入设备限制...

🚀 开始滚动优化 (秒级精度，仅按登记时间排序)，启用 48 线程
总计 2379 名患者，批次大小: 200

>>> 处理批次 1: 患者索引 0 - 199
  -> 求解成功 (OPTIMAL)

>>> 处理批次 2: 患者索引 200 - 399
  -> 求解成功 (OPTIMAL)

>>> 处理批次 3: 患者索引 400 - 599
  -> 求解成功 (OPTIMAL)

>>> 处理批次 4: 患者索引 600 - 799
  -> 求解成功 (OPTIMAL)

>>> 处理批次 5: 患者索引 800 - 999
  -> 求解成功 (OPTIMAL)

>>> 处理批次 6: 患者索引 1000 - 1199
  -> 求解成功 (OPTIMAL)

>>> 处理批次 7: 患者索引 1200 - 1399
  -> 求解成功 (OPTIMAL)

>>> 处理批次 8: 患者索引 1400 - 1599
  -> 求解成功 (OPTIMAL)

>>> 处理批次 9: 患者索引 1600 - 1799
  -> 求解成功 (OPTIMAL)

>>> 处理批次 10: 患者索引 1800 - 1999
  -> 求解成功 (OPTIMAL)

>>> 处理批次 11: 患者索引 2000 - 2199
  -> 求解成功 (OPTIMAL)

>>> 处理批次 12: 患者索引 2200 - 2378
  -> 求解成功 (OPTIMAL)

所有批次处理完毕。

==================================================
🔎 正在进行评分 (最终验证)...
==================================================
📊 最终 Fitness 得分: -97,823,200
------------------------------
  ❌ 总扣分: 97,823,200
  ⏳ 等待时间惩罚: 83,503,200
  🔄 换模惩罚:     14,320,000 (发生 716 次)
  💔 心脏规则违规: 0 次
  💉 造影规则违规: 0 次
  🚫 周末增强违规: 0 次
排程已成功导出至: /home/preprocess/_funsearch/baseline/schedule_seconds_fifo_20251205_193816.xlsx
