nohup: ignoring input
✓ 检测到 GPU: NVIDIA GeForce RTX 3090
启动 Megabatch 模式: K=8 (并行实验), B=50 (个体/实验)
总 GPU 批量: 400 个体
✓ 所有数据文件均已找到。
正在导入数据...
成功导入2379患者，共2379个检查

===== 启动并行遗传算法优化 (Megabatch GPU) =====
已生成 8 个并行种群 (每个 50 个个体)，总计 400 个个体
✓ 已生成 8 个初始种群，耗时: 0.2893s

开始 10000 代进化 (K=8)...
Generation 50 | Avg Best Fitness (K=8): -235191300.00
Generation 100 | Avg Best Fitness (K=8): -202442800.00
Generation 150 | Avg Best Fitness (K=8): -178446200.00
Generation 200 | Avg Best Fitness (K=8): -161049000.00
Generation 250 | Avg Best Fitness (K=8): -150880900.00
Generation 300 | Avg Best Fitness (K=8): -144437600.00
Generation 350 | Avg Best Fitness (K=8): -140238000.00
Generation 400 | Avg Best Fitness (K=8): -137485500.00
Generation 450 | Avg Best Fitness (K=8): -135097300.00
Generation 500 | Avg Best Fitness (K=8): -133674800.00
Generation 550 | Avg Best Fitness (K=8): -132539200.00
Generation 600 | Avg Best Fitness (K=8): -131504100.00
Generation 650 | Avg Best Fitness (K=8): -131089400.00
Generation 700 | Avg Best Fitness (K=8): -130826800.00
Generation 750 | Avg Best Fitness (K=8): -130423400.00
Generation 800 | Avg Best Fitness (K=8): -130005400.00
Generation 850 | Avg Best Fitness (K=8): -129537000.00
Generation 900 | Avg Best Fitness (K=8): -128779500.00
Generation 950 | Avg Best Fitness (K=8): -128398700.00
Generation 1000 | Avg Best Fitness (K=8): -128089600.00
Generation 1050 | Avg Best Fitness (K=8): -127596000.00
Generation 1100 | Avg Best Fitness (K=8): -127159700.00
Generation 1150 | Avg Best Fitness (K=8): -126768300.00
Generation 1200 | Avg Best Fitness (K=8): -126494300.00
Generation 1250 | Avg Best Fitness (K=8): -126198600.00
Generation 1300 | Avg Best Fitness (K=8): -126020900.00
Generation 1350 | Avg Best Fitness (K=8): -125817600.00
Generation 1400 | Avg Best Fitness (K=8): -125661600.00
Generation 1450 | Avg Best Fitness (K=8): -125478800.00
Generation 1500 | Avg Best Fitness (K=8): -125436000.00
Generation 1550 | Avg Best Fitness (K=8): -125369800.00
Generation 1600 | Avg Best Fitness (K=8): -125209300.00
Generation 1650 | Avg Best Fitness (K=8): -125114200.00
Generation 1700 | Avg Best Fitness (K=8): -124876400.00
Generation 1750 | Avg Best Fitness (K=8): -124713500.00
Generation 1800 | Avg Best Fitness (K=8): -124587100.00
Generation 1850 | Avg Best Fitness (K=8): -124443800.00
Generation 1900 | Avg Best Fitness (K=8): -124264800.00
Generation 1950 | Avg Best Fitness (K=8): -124165700.00
Generation 2000 | Avg Best Fitness (K=8): -124053200.00
Generation 2050 | Avg Best Fitness (K=8): -123975300.00
Generation 2100 | Avg Best Fitness (K=8): -123899700.00
Generation 2150 | Avg Best Fitness (K=8): -123831300.00
Generation 2200 | Avg Best Fitness (K=8): -123755600.00
Generation 2250 | Avg Best Fitness (K=8): -123698100.00
Generation 2300 | Avg Best Fitness (K=8): -123657700.00
Generation 2350 | Avg Best Fitness (K=8): -123602900.00
Generation 2400 | Avg Best Fitness (K=8): -123539900.00
Generation 2450 | Avg Best Fitness (K=8): -123502200.00
Generation 2500 | Avg Best Fitness (K=8): -123469500.00
Generation 2550 | Avg Best Fitness (K=8): -123426400.00
Generation 2600 | Avg Best Fitness (K=8): -123394000.00
Generation 2650 | Avg Best Fitness (K=8): -123345600.00
Generation 2700 | Avg Best Fitness (K=8): -123303000.00
Generation 2750 | Avg Best Fitness (K=8): -123265800.00
Generation 2800 | Avg Best Fitness (K=8): -123220700.00
Generation 2850 | Avg Best Fitness (K=8): -123167700.00
Generation 2900 | Avg Best Fitness (K=8): -123127500.00
Generation 2950 | Avg Best Fitness (K=8): -123064900.00
Generation 3000 | Avg Best Fitness (K=8): -122952200.00
Generation 3050 | Avg Best Fitness (K=8): -122899500.00
Generation 3100 | Avg Best Fitness (K=8): -122884200.00
Generation 3150 | Avg Best Fitness (K=8): -122791900.00
Generation 3200 | Avg Best Fitness (K=8): -122739300.00
Generation 3250 | Avg Best Fitness (K=8): -122699100.00
Generation 3300 | Avg Best Fitness (K=8): -122591500.00
Generation 3350 | Avg Best Fitness (K=8): -122321900.00
Generation 3400 | Avg Best Fitness (K=8): -122141800.00
Generation 3450 | Avg Best Fitness (K=8): -122096100.00
Generation 3500 | Avg Best Fitness (K=8): -122050900.00
Generation 3550 | Avg Best Fitness (K=8): -121929200.00
Generation 3600 | Avg Best Fitness (K=8): -121793700.00
Generation 3650 | Avg Best Fitness (K=8): -121575000.00
Generation 3700 | Avg Best Fitness (K=8): -121399100.00
Generation 3750 | Avg Best Fitness (K=8): -121315900.00
Generation 3800 | Avg Best Fitness (K=8): -121262600.00
Generation 3850 | Avg Best Fitness (K=8): -121077500.00
Generation 3900 | Avg Best Fitness (K=8): -121049300.00
Generation 3950 | Avg Best Fitness (K=8): -120988800.00
Generation 4000 | Avg Best Fitness (K=8): -120931200.00
Generation 4050 | Avg Best Fitness (K=8): -120833900.00
Generation 4100 | Avg Best Fitness (K=8): -120731300.00
Generation 4150 | Avg Best Fitness (K=8): -120635500.00
Generation 4200 | Avg Best Fitness (K=8): -120580000.00
Generation 4250 | Avg Best Fitness (K=8): -120524700.00
Generation 4300 | Avg Best Fitness (K=8): -120394300.00
Generation 4350 | Avg Best Fitness (K=8): -120318800.00
Generation 4400 | Avg Best Fitness (K=8): -120251200.00
Generation 4450 | Avg Best Fitness (K=8): -120173100.00
Generation 4500 | Avg Best Fitness (K=8): -120112600.00
Generation 4550 | Avg Best Fitness (K=8): -120091500.00
Generation 4600 | Avg Best Fitness (K=8): -120058600.00
Generation 4650 | Avg Best Fitness (K=8): -120050700.00
Generation 4700 | Avg Best Fitness (K=8): -120038000.00
Generation 4750 | Avg Best Fitness (K=8): -120028000.00
Generation 4800 | Avg Best Fitness (K=8): -120015300.00
Generation 4850 | Avg Best Fitness (K=8): -119990000.00
Generation 4900 | Avg Best Fitness (K=8): -119952700.00
Generation 4950 | Avg Best Fitness (K=8): -119924700.00
Generation 5000 | Avg Best Fitness (K=8): -119887000.00
Generation 5050 | Avg Best Fitness (K=8): -119851700.00
Generation 5100 | Avg Best Fitness (K=8): -119746400.00
Generation 5150 | Avg Best Fitness (K=8): -119711100.00
Generation 5200 | Avg Best Fitness (K=8): -119685900.00
Generation 5250 | Avg Best Fitness (K=8): -119668200.00
Generation 5300 | Avg Best Fitness (K=8): -119650400.00
Generation 5350 | Avg Best Fitness (K=8): -119602400.00
Generation 5400 | Avg Best Fitness (K=8): -119587200.00
Generation 5450 | Avg Best Fitness (K=8): -119579500.00
Generation 5500 | Avg Best Fitness (K=8): -119569300.00
Generation 5550 | Avg Best Fitness (K=8): -119554100.00
Generation 5600 | Avg Best Fitness (K=8): -119538700.00
Generation 5650 | Avg Best Fitness (K=8): -119533500.00
Generation 5700 | Avg Best Fitness (K=8): -119516000.00
Generation 5750 | Avg Best Fitness (K=8): -119493700.00
Generation 5800 | Avg Best Fitness (K=8): -119483300.00
Generation 5850 | Avg Best Fitness (K=8): -119473400.00
Generation 5900 | Avg Best Fitness (K=8): -119445500.00
Generation 5950 | Avg Best Fitness (K=8): -119430200.00
Generation 6000 | Avg Best Fitness (K=8): -119418000.00
Generation 6050 | Avg Best Fitness (K=8): -119402500.00
Generation 6100 | Avg Best Fitness (K=8): -119379300.00
Generation 6150 | Avg Best Fitness (K=8): -119369100.00
Generation 6200 | Avg Best Fitness (K=8): -119353800.00
Generation 6250 | Avg Best Fitness (K=8): -119338600.00
Generation 6300 | Avg Best Fitness (K=8): -119325900.00
Generation 6350 | Avg Best Fitness (K=8): -119253300.00
Generation 6400 | Avg Best Fitness (K=8): -119233100.00
Generation 6450 | Avg Best Fitness (K=8): -119197900.00
Generation 6500 | Avg Best Fitness (K=8): -119187700.00
Generation 6550 | Avg Best Fitness (K=8): -119162600.00
Generation 6600 | Avg Best Fitness (K=8): -119160000.00
Generation 6650 | Avg Best Fitness (K=8): -119147300.00
Generation 6700 | Avg Best Fitness (K=8): -119142300.00
Generation 6750 | Avg Best Fitness (K=8): -119122200.00
Generation 6800 | Avg Best Fitness (K=8): -119114600.00
Generation 6850 | Avg Best Fitness (K=8): -119114600.00
Generation 6900 | Avg Best Fitness (K=8): -119114300.00
Generation 6950 | Avg Best Fitness (K=8): -119109200.00
Generation 7000 | Avg Best Fitness (K=8): -119094200.00
Generation 7050 | Avg Best Fitness (K=8): -119089300.00
Generation 7100 | Avg Best Fitness (K=8): -119081700.00
Generation 7150 | Avg Best Fitness (K=8): -119064200.00
Generation 7200 | Avg Best Fitness (K=8): -119059000.00
Generation 7250 | Avg Best Fitness (K=8): -118991100.00
Generation 7300 | Avg Best Fitness (K=8): -118953400.00
Generation 7350 | Avg Best Fitness (K=8): -118930500.00
Generation 7400 | Avg Best Fitness (K=8): -118855300.00
Generation 7450 | Avg Best Fitness (K=8): -118837400.00
Generation 7500 | Avg Best Fitness (K=8): -118812200.00
Generation 7550 | Avg Best Fitness (K=8): -118801900.00
Generation 7600 | Avg Best Fitness (K=8): -118794100.00
Generation 7650 | Avg Best Fitness (K=8): -118784200.00
Generation 7700 | Avg Best Fitness (K=8): -118766500.00
Generation 7750 | Avg Best Fitness (K=8): -118738700.00
Generation 7800 | Avg Best Fitness (K=8): -118721200.00
Generation 7850 | Avg Best Fitness (K=8): -118683800.00
Generation 7900 | Avg Best Fitness (K=8): -118673500.00
Generation 7950 | Avg Best Fitness (K=8): -118673500.00
Generation 8000 | Avg Best Fitness (K=8): -118646000.00
Generation 8050 | Avg Best Fitness (K=8): -118633400.00
Generation 8100 | Avg Best Fitness (K=8): -118630800.00
Generation 8150 | Avg Best Fitness (K=8): -118620500.00
Generation 8200 | Avg Best Fitness (K=8): -118610400.00
Generation 8250 | Avg Best Fitness (K=8): -118607700.00
Generation 8300 | Avg Best Fitness (K=8): -118595200.00
Generation 8350 | Avg Best Fitness (K=8): -118499800.00
Generation 8400 | Avg Best Fitness (K=8): -118476900.00
Generation 8450 | Avg Best Fitness (K=8): -118454600.00
Generation 8500 | Avg Best Fitness (K=8): -118424500.00
Generation 8550 | Avg Best Fitness (K=8): -118409200.00
Generation 8600 | Avg Best Fitness (K=8): -118366700.00
Generation 8650 | Avg Best Fitness (K=8): -118326900.00
Generation 8700 | Avg Best Fitness (K=8): -118284000.00
Generation 8750 | Avg Best Fitness (K=8): -118264000.00
Generation 8800 | Avg Best Fitness (K=8): -118233900.00
Generation 8850 | Avg Best Fitness (K=8): -118195700.00
Generation 8900 | Avg Best Fitness (K=8): -118185700.00
Generation 8950 | Avg Best Fitness (K=8): -118152800.00
Generation 9000 | Avg Best Fitness (K=8): -118137900.00
Generation 9050 | Avg Best Fitness (K=8): -118130200.00
Generation 9100 | Avg Best Fitness (K=8): -118122700.00
Generation 9150 | Avg Best Fitness (K=8): -118084800.00
Generation 9200 | Avg Best Fitness (K=8): -118057100.00
Generation 9250 | Avg Best Fitness (K=8): -118049600.00
Generation 9300 | Avg Best Fitness (K=8): -118039600.00
Generation 9350 | Avg Best Fitness (K=8): -118014500.00
Generation 9400 | Avg Best Fitness (K=8): -118011500.00
Generation 9450 | Avg Best Fitness (K=8): -118011200.00
Generation 9500 | Avg Best Fitness (K=8): -118001100.00
Generation 9550 | Avg Best Fitness (K=8): -117996000.00
Generation 9600 | Avg Best Fitness (K=8): -117995700.00
Generation 9650 | Avg Best Fitness (K=8): -117995600.00
Generation 9700 | Avg Best Fitness (K=8): -117995600.00
Generation 9750 | Avg Best Fitness (K=8): -117990600.00
Generation 9800 | Avg Best Fitness (K=8): -117988000.00
Generation 9850 | Avg Best Fitness (K=8): -117987900.00
Generation 9900 | Avg Best Fitness (K=8): -117987900.00
Generation 9950 | Avg Best Fitness (K=8): -117975300.00
Generation 10000 | Avg Best Fitness (K=8): -117957800.00
进化完成。正在提取 K 个最佳个体...

✓ 进化完成 (K=8)，总耗时: 292.93s
  平均每代耗时: 0.0293 s/gen
  (总计 80000 个 'run-generations')

===== 正在导出 8 个最佳排程 =====
  Run 0: Best Fitness: -116183200.00
    ✓ 已导出至 output_schedules/final_schedule_RUN0_20251205_195241_fit_-116183200.xlsx
  Run 1: Best Fitness: -116807200.00
    ✓ 已导出至 output_schedules/final_schedule_RUN1_20251205_195241_fit_-116807200.xlsx
  Run 2: Best Fitness: -118440000.00
    ✓ 已导出至 output_schedules/final_schedule_RUN2_20251205_195241_fit_-118440000.xlsx
  Run 3: Best Fitness: -121179200.00
    ✓ 已导出至 output_schedules/final_schedule_RUN3_20251205_195241_fit_-121179200.xlsx
  Run 4: Best Fitness: -116032800.00
    ✓ 已导出至 output_schedules/final_schedule_RUN4_20251205_195241_fit_-116032800.xlsx
  Run 5: Best Fitness: -117132000.00
    ✓ 已导出至 output_schedules/final_schedule_RUN5_20251205_195241_fit_-117132000.xlsx
  Run 6: Best Fitness: -119740000.00
    ✓ 已导出至 output_schedules/final_schedule_RUN6_20251205_195241_fit_-119740000.xlsx
  Run 7: Best Fitness: -118148000.00
    ✓ 已导出至 output_schedules/final_schedule_RUN7_20251205_195241_fit_-118148000.xlsx

===== 最终统计 (K={NUM_PARALLEL_RUNS}) =====
  最佳适应度 (均值): -117957800.00
  最佳适应度 (标准差): 1683857.32
  最佳适应度 (范围): -121179200.00 ... -116032800.00

所有运行均已完成。
